  SceneManager.cpp
C:\Users\jason\Documents\GitHub\GPPAssignment\GPPAssignment\GPPAssignment\image.h(43,15): warning C4244: 'initializing': conversion from 'int' to 'float', possible loss of data
C:\Users\jason\Documents\GitHub\GPPAssignment\GPPAssignment\GPPAssignment\image.h(47,15): warning C4244: 'initializing': conversion from 'int' to 'float', possible loss of data
C:\Users\jason\Documents\GitHub\GPPAssignment\GPPAssignment\GPPAssignment\image.h(49,18): warning C4244: 'initializing': conversion from 'float' to 'int', possible loss of data
C:\Users\jason\Documents\GitHub\GPPAssignment\GPPAssignment\GPPAssignment\image.h(53,51): warning C4244: 'return': conversion from 'float' to 'int', possible loss of data
C:\Users\jason\Documents\GitHub\GPPAssignment\GPPAssignment\GPPAssignment\image.h(54,53): warning C4244: 'return': conversion from 'float' to 'int', possible loss of data
  battleScene.cpp
C:\Users\jason\Documents\GitHub\GPPAssignment\GPPAssignment\GPPAssignment\Image.h(43,15): warning C4244: 'initializing': conversion from 'int' to 'float', possible loss of data
C:\Users\jason\Documents\GitHub\GPPAssignment\GPPAssignment\GPPAssignment\Image.h(47,15): warning C4244: 'initializing': conversion from 'int' to 'float', possible loss of data
C:\Users\jason\Documents\GitHub\GPPAssignment\GPPAssignment\GPPAssignment\Image.h(49,18): warning C4244: 'initializing': conversion from 'float' to 'int', possible loss of data
C:\Users\jason\Documents\GitHub\GPPAssignment\GPPAssignment\GPPAssignment\Image.h(53,51): warning C4244: 'return': conversion from 'float' to 'int', possible loss of data
C:\Users\jason\Documents\GitHub\GPPAssignment\GPPAssignment\GPPAssignment\Image.h(54,53): warning C4244: 'return': conversion from 'float' to 'int', possible loss of data
C:\Users\jason\Documents\GitHub\GPPAssignment\GPPAssignment\GPPAssignment\battleScene.cpp(33,12): warning C4244: 'argument': conversion from 'time_t' to 'unsigned int', possible loss of data
C:\Users\jason\Documents\GitHub\GPPAssignment\GPPAssignment\GPPAssignment\battleScene.cpp(80,51): warning C4244: 'argument': conversion from 'int' to 'float', possible loss of data
C:\Users\jason\Documents\GitHub\GPPAssignment\GPPAssignment\GPPAssignment\battleScene.cpp(88,29): warning C4244: '=': conversion from 'double' to 'float', possible loss of data
  game.cpp
C:\Users\jason\Documents\GitHub\GPPAssignment\GPPAssignment\GPPAssignment\Image.h(43,15): warning C4244: 'initializing': conversion from 'int' to 'float', possible loss of data
C:\Users\jason\Documents\GitHub\GPPAssignment\GPPAssignment\GPPAssignment\Image.h(47,15): warning C4244: 'initializing': conversion from 'int' to 'float', possible loss of data
C:\Users\jason\Documents\GitHub\GPPAssignment\GPPAssignment\GPPAssignment\Image.h(49,18): warning C4244: 'initializing': conversion from 'float' to 'int', possible loss of data
C:\Users\jason\Documents\GitHub\GPPAssignment\GPPAssignment\GPPAssignment\Image.h(53,51): warning C4244: 'return': conversion from 'float' to 'int', possible loss of data
C:\Users\jason\Documents\GitHub\GPPAssignment\GPPAssignment\GPPAssignment\Image.h(54,53): warning C4244: 'return': conversion from 'float' to 'int', possible loss of data
  Generating code
  2 of 756 functions ( 0.3%) were compiled, the rest were copied from previous compilation.
    1 functions were new in current compilation
    0 functions had inline decision re-evaluated but remain unchanged
  Finished generating code
  GPPAssignment.vcxproj -> C:\Users\jason\Documents\GitHub\GPPAssignment\GPPAssignment\Release\GPPAssignment.exe
