  character.cpp
C:\Users\Willthunder\Documents\GitHub\GPPAssignment\GPPAssignment\GPPAssignment\graphics.h(9,10): fatal error C1083: Cannot open include file: 'd3dx9.h': No such file or directory
  game.cpp
C:\Users\Willthunder\Documents\GitHub\GPPAssignment\GPPAssignment\GPPAssignment\graphics.h(9,10): fatal error C1083: Cannot open include file: 'd3dx9.h': No such file or directory
  graphics.cpp
C:\Users\Willthunder\Documents\GitHub\GPPAssignment\GPPAssignment\GPPAssignment\graphics.h(9,10): fatal error C1083: Cannot open include file: 'd3dx9.h': No such file or directory
  image.cpp
C:\Users\Willthunder\Documents\GitHub\GPPAssignment\GPPAssignment\GPPAssignment\graphics.h(9,10): fatal error C1083: Cannot open include file: 'd3dx9.h': No such file or directory
  input.cpp
C:\Users\Willthunder\Documents\GitHub\GPPAssignment\GPPAssignment\GPPAssignment\input.cpp(86,13): warning C4244: 'argument': conversion from 'WPARAM' to '_Elem', possible loss of data
          with
          [
              _Elem=char
          ]
C:\Users\Willthunder\Documents\GitHub\GPPAssignment\GPPAssignment\GPPAssignment\input.cpp(87,12): warning C4244: '=': conversion from 'WPARAM' to 'char', possible loss of data
  map.cpp
C:\Users\Willthunder\Documents\GitHub\GPPAssignment\GPPAssignment\GPPAssignment\graphics.h(9,10): fatal error C1083: Cannot open include file: 'd3dx9.h': No such file or directory
  pfantasy.cpp
C:\Users\Willthunder\Documents\GitHub\GPPAssignment\GPPAssignment\GPPAssignment\graphics.h(9,10): fatal error C1083: Cannot open include file: 'd3dx9.h': No such file or directory
  Scene.cpp
C:\Users\Willthunder\Documents\GitHub\GPPAssignment\GPPAssignment\GPPAssignment\graphics.h(9,10): fatal error C1083: Cannot open include file: 'd3dx9.h': No such file or directory
  SceneManager.cpp
C:\Users\Willthunder\Documents\GitHub\GPPAssignment\GPPAssignment\GPPAssignment\graphics.h(9,10): fatal error C1083: Cannot open include file: 'd3dx9.h': No such file or directory
  startingMenu.cpp
C:\Users\Willthunder\Documents\GitHub\GPPAssignment\GPPAssignment\GPPAssignment\graphics.h(9,10): fatal error C1083: Cannot open include file: 'd3dx9.h': No such file or directory
  textDX.cpp
C:\Users\Willthunder\Documents\GitHub\GPPAssignment\GPPAssignment\GPPAssignment\graphics.h(9,10): fatal error C1083: Cannot open include file: 'd3dx9.h': No such file or directory
  texturemanager.cpp
C:\Users\Willthunder\Documents\GitHub\GPPAssignment\GPPAssignment\GPPAssignment\graphics.h(9,10): fatal error C1083: Cannot open include file: 'd3dx9.h': No such file or directory
  userinterface.cpp
C:\Users\Willthunder\Documents\GitHub\GPPAssignment\GPPAssignment\GPPAssignment\graphics.h(9,10): fatal error C1083: Cannot open include file: 'd3dx9.h': No such file or directory
  winmain.cpp
C:\Users\Willthunder\Documents\GitHub\GPPAssignment\GPPAssignment\GPPAssignment\graphics.h(9,10): fatal error C1083: Cannot open include file: 'd3dx9.h': No such file or directory
  Generating Code...
